0 silly argv {
0 silly argv   _: [ 'exec' ],
0 silly argv   parallel: true,
0 silly argv   args: [],
0 silly argv   '--': [
0 silly argv     'babel',
0 silly argv     'src',
0 silly argv     '-d',
0 silly argv     'dist',
0 silly argv     '--ignore',
0 silly argv     "'**/*.test.js,**/*.test.jsx,**/*.stories.js,**/*.stories.jsx'",
0 silly argv     '--root-mode',
0 silly argv     'upward'
0 silly argv   ],
0 silly argv   lernaVersion: '3.20.2',
0 silly argv   '$0': '/Users/hernad03/Code/BBC/psammead/node_modules/.bin/lerna'
0 silly argv }
1 notice cli v3.20.2
2 verbose rootPath /Users/hernad03/Code/BBC/psammead
3 info versioning independent
4 error JSONError: Unexpected token < in JSON at position 821 while parsing near '...assets": "^2.13.0",<<<<<<< HEAD    "@b...' in packages/components/psammead-radio-schedule/package.json
4 error     at module.exports (/Users/hernad03/Code/BBC/psammead/node_modules/parse-json/index.js:26:19)
4 error     at parse (/Users/hernad03/Code/BBC/psammead/node_modules/@lerna/project/node_modules/load-json-file/index.js:15:9)
